[debug] [2021-12-22T13:33:04.938Z] ----------------------------------------------------------------------
[debug] [2021-12-22T13:33:04.941Z] Command:       C:\Program Files\nodejs\node.exe C:\Users\God\AppData\Roaming\npm\node_modules\firebase-tools\lib\bin\firebase.js init
[debug] [2021-12-22T13:33:04.942Z] CLI Version:   10.0.1
[debug] [2021-12-22T13:33:04.942Z] Platform:      win32
[debug] [2021-12-22T13:33:04.943Z] Node Version:  v16.13.1
[debug] [2021-12-22T13:33:05.355Z] Time:          Wed Dec 22 2021 19:03:04 GMT+0530 (India Standard Time)
[debug] [2021-12-22T13:33:05.355Z] ----------------------------------------------------------------------
[debug] 
[debug] [2021-12-22T13:33:05.652Z] > command requires scopes: ["email","openid","https://www.googleapis.com/auth/cloudplatformprojects.readonly","https://www.googleapis.com/auth/firebase","https://www.googleapis.com/auth/cloud-platform"]
[debug] [2021-12-22T13:33:05.653Z] > authorizing via signed-in user (karthik24marimuthu@gmail.com)
[info] 
     ######## #### ########  ######## ########     ###     ######  ########
     ##        ##  ##     ## ##       ##     ##  ##   ##  ##       ##
     ######    ##  ########  ######   ########  #########  ######  ######
     ##        ##  ##    ##  ##       ##     ## ##     ##       ## ##
     ##       #### ##     ## ######## ########  ##     ##  ######  ########

You're about to initialize a Firebase project in this directory:

  E:\Reactjs\netflix

Before we get started, keep in mind:

  * You are initializing within an existing Firebase project directory

[info] 
=== Project Setup
[info] 
[info] First, let's associate this project directory with a Firebase project.
[info] You can create multiple project aliases by running firebase use --add, 
[info] but for now we'll just set up a default project.
[info] 
[debug] [2021-12-22T13:42:26.708Z] Using project from CLI flag: netflixclone-2eab4
[debug] [2021-12-22T13:42:26.714Z] > refreshing access token with scopes: []
[debug] [2021-12-22T13:42:26.715Z] >>> HTTP REQUEST POST https://www.googleapis.com/oauth2/v3/token  
 <request body omitted>
[debug] [2021-12-22T13:42:29.322Z] <<< HTTP RESPONSE 200 {"date":"Wed, 22 Dec 2021 13:42:24 GMT","pragma":"no-cache","cache-control":"no-cache, no-store, max-age=0, must-revalidate","expires":"Mon, 01 Jan 1990 00:00:00 GMT","content-type":"application/json; charset=utf-8","vary":"X-Origin, Referer, Origin,Accept-Encoding","server":"scaffolding on HTTPServer2","x-xss-protection":"0","x-frame-options":"SAMEORIGIN","x-content-type-options":"nosniff","alt-svc":"h3=\":443\"; ma=2592000,h3-29=\":443\"; ma=2592000,h3-Q050=\":443\"; ma=2592000,h3-Q046=\":443\"; ma=2592000,h3-Q043=\":443\"; ma=2592000,quic=\":443\"; ma=2592000; v=\"46,43\"","accept-ranges":"none","transfer-encoding":"chunked"}
[debug] [2021-12-22T13:42:29.854Z] >>> [apiv2][query] GET https://firebase.googleapis.com/v1beta1/projects/netflixclone-2eab4 [none]
[debug] [2021-12-22T13:42:32.432Z] <<< [apiv2][status] GET https://firebase.googleapis.com/v1beta1/projects/netflixclone-2eab4 200
[debug] [2021-12-22T13:42:32.432Z] <<< [apiv2][body] GET https://firebase.googleapis.com/v1beta1/projects/netflixclone-2eab4 {"projectId":"netflixclone-2eab4","projectNumber":"292127439962","displayName":"netflixclone","name":"projects/netflixclone-2eab4","resources":{"hostingSite":"netflixclone-2eab4"},"state":"ACTIVE"}
[info] i  Using project netflixclone-2eab4 (netflixclone) 
[info] 
=== Hosting:github Setup
[info] 
[info] i  Detected a .git folder at E:\Reactjs\netflix 
[info] i  Authorizing with GitHub to upload your service account to a GitHub repository's secrets store. 
[info] 
[info] Visit this URL on this device to log in:
[info] https://github.com/login/oauth/authorize?client_id=89cf50f02ac6aaed3484&state=961753586&redirect_uri=http%3A%2F%2Flocalhost%3A9005&scope=read%3Auser%20repo%20public_repo
[info] 
[info] Waiting for authentication...
[debug] [2021-12-22T13:43:32.385Z] >>> HTTP REQUEST POST https://github.com/login/oauth/access_token  
 {"client_id":"89cf50f02ac6aaed3484","client_secret":"3330d14abc895d9a74d5f17cd7a00711fa2c5bf0","code":"839d32cbf72affc0469a","redirect_uri":"http://localhost:9005","state":"961753586"}
[debug] [2021-12-22T13:43:35.862Z] <<< HTTP RESPONSE 200 {"server":"GitHub.com","date":"Wed, 22 Dec 2021 13:43:29 GMT","content-type":"application/json; charset=utf-8","transfer-encoding":"chunked","vary":"X-PJAX, X-PJAX-Container, Accept-Encoding, Accept, X-Requested-With","permissions-policy":"interest-cohort=()","etag":"W/\"1a6b5b21f4dac1de1f31448bc2d4a9a6\"","cache-control":"max-age=0, private, must-revalidate","strict-transport-security":"max-age=31536000; includeSubdomains; preload","x-frame-options":"deny","x-content-type-options":"nosniff","x-xss-protection":"0","referrer-policy":"origin-when-cross-origin, strict-origin-when-cross-origin","expect-ct":"max-age=2592000, report-uri=\"https://api.github.com/_private/browser/errors\"","content-security-policy":"default-src 'none'; base-uri 'self'; block-all-mixed-content; child-src github.com/assets-cdn/worker/ gist.github.com/assets-cdn/worker/; connect-src 'self' uploads.github.com objects-origin.githubusercontent.com www.githubstatus.com collector.githubapp.com api.github.com github-cloud.s3.amazonaws.com github-production-repository-file-5c1aeb.s3.amazonaws.com github-production-upload-manifest-file-7fdce7.s3.amazonaws.com github-production-user-asset-6210df.s3.amazonaws.com cdn.optimizely.com logx.optimizely.com/v1/events translator.github.com wss://alive.github.com; font-src github.githubassets.com; form-action 'self' github.com gist.github.com objects-origin.githubusercontent.com; frame-ancestors 'none'; frame-src render.githubusercontent.com viewscreen.githubusercontent.com notebooks.githubusercontent.com; img-src 'self' data: github.githubassets.com identicons.github.com collector.githubapp.com github-cloud.s3.amazonaws.com secured-user-images.githubusercontent.com/ *.githubusercontent.com; manifest-src 'self'; media-src github.com user-images.githubusercontent.com/; script-src github.githubassets.com; style-src 'unsafe-inline' github.githubassets.com; worker-src github.com/assets-cdn/worker/ gist.github.com/assets-cdn/worker/","x-github-request-id":"8B85:7839:58DC69:64B7DF:61C32B80"}
[debug] [2021-12-22T13:43:35.900Z] >>> [apiv2][query] GET https://api.github.com/user [none]
[debug] [2021-12-22T13:43:36.760Z] <<< [apiv2][status] GET https://api.github.com/user 200
[debug] [2021-12-22T13:43:36.761Z] <<< [apiv2][body] GET https://api.github.com/user {"login":"marikarthik01","id":96297824,"node_id":"U_kgDOBb1jYA","avatar_url":"https://avatars.githubusercontent.com/u/96297824?v=4","gravatar_id":"","url":"https://api.github.com/users/marikarthik01","html_url":"https://github.com/marikarthik01","followers_url":"https://api.github.com/users/marikarthik01/followers","following_url":"https://api.github.com/users/marikarthik01/following{/other_user}","gists_url":"https://api.github.com/users/marikarthik01/gists{/gist_id}","starred_url":"https://api.github.com/users/marikarthik01/starred{/owner}{/repo}","subscriptions_url":"https://api.github.com/users/marikarthik01/subscriptions","organizations_url":"https://api.github.com/users/marikarthik01/orgs","repos_url":"https://api.github.com/users/marikarthik01/repos","events_url":"https://api.github.com/users/marikarthik01/events{/privacy}","received_events_url":"https://api.github.com/users/marikarthik01/received_events","type":"User","site_admin":false,"name":null,"company":null,"blog":"","location":null,"email":null,"hireable":null,"bio":null,"twitter_username":null,"public_repos":2,"public_gists":0,"followers":0,"following":0,"created_at":"2021-12-17T13:16:55Z","updated_at":"2021-12-17T13:16:55Z","private_gists":0,"total_private_repos":0,"owned_private_repos":0,"disk_usage":5056,"collaborators":0,"two_factor_authentication":false,"plan":{"name":"free","space":976562499,"collaborators":0,"private_repos":10000}}
[info] 
[info] +  Success! Logged into GitHub as marikarthik01 
[info] 
[debug] [2021-12-22T13:44:17.566Z] >>> [apiv2][query] GET https://api.github.com/repos/github/actions/secrets/public-key type=owner
[debug] [2021-12-22T13:44:20.210Z] <<< [apiv2][status] GET https://api.github.com/repos/github/actions/secrets/public-key 404
[debug] [2021-12-22T13:44:20.210Z] <<< [apiv2][body] GET https://api.github.com/repos/github/actions/secrets/public-key {"message":"Not Found","documentation_url":"https://docs.github.com/rest"}
